2025-06-09 16:05:13 [INFO] PatifeUpdater: Corrigir stock Orima
2025-06-09 16:05:25 [INFO] PatifeUpdater: Orima atualizada com sucesso
2025-06-09 16:21:48 [INFO] PatifeUpdater: Corrigir stock Depau
2025-06-09 16:36:25 [INFO] PatifeUpdater: Corrigir stock DMI
2025-06-09 16:47:03 [INFO] PatifeUpdater: Corrigir stock DMI
2025-06-09 16:47:31 [INFO] PatifeUpdater: DMI atualizada com sucesso
2025-06-09 16:53:24 [INFO] PatifeUpdater: Corrigir stock DMI
2025-06-09 16:55:26 [INFO] PatifeUpdater: DMI atualizada com sucesso
2025-06-09 18:19:02 [INFO] PatifeUpdater: Corrigir stock Experteletro
2025-06-09 18:19:11 [ERROR] PatifeUpdater: Error rotina da Experteletro: 'DENOMINA'
2025-06-09 18:21:51 [INFO] PatifeUpdater: Corrigir stock Experteletro
2025-06-09 18:23:59 [INFO] PatifeUpdater: Corrigir stock DMI
2025-06-09 18:25:04 [INFO] PatifeUpdater: DMI atualizada com sucesso
2025-06-09 18:25:04 [INFO] PatifeUpdater: Corrigir stock Experteletro
2025-06-09 18:29:58 [INFO] PatifeUpdater: Corrigir stock DMI
2025-06-09 19:57:50 [INFO] PatifeUpdater: Corrigir stock Orima
2025-06-09 19:57:50 [ERROR] PatifeUpdater: Error rotina da Orima: name 'Patife' is not defined
2025-06-09 19:58:08 [INFO] PatifeUpdater: Corrigir stock Orima
2025-06-09 19:58:22 [INFO] PatifeUpdater: Orima atualizada com sucesso
2025-06-09 21:11:33 [ERROR] PatifeUpdater: Error rotina da ALSO: invalid literal for int() with base 10: '0.0'
2025-06-09 21:12:00 [ERROR] PatifeUpdater: Error rotina da ALSO: invalid literal for int() with base 10: 'nan'
2025-06-09 21:15:54 [INFO] PatifeUpdater: ALSO atualizada com sucesso
2025-06-09 21:22:19 [INFO] PatifeUpdater: ALSO atualizada com sucesso
2025-06-09 21:23:26 [INFO] PatifeUpdater: ALSO atualizada com sucesso
2025-06-09 23:07:26 [INFO] PatifeUpdater: Corrigir Stock Elektro3
2025-06-09 23:21:45 [INFO] PatifeUpdater: Corrigir Stock Elektro3
2025-06-09 23:24:11 [INFO] PatifeUpdater: Corrigir Stock Elektro3
2025-06-09 23:26:11 [INFO] PatifeUpdater: Corrigir Stock Elektro3
2025-06-09 23:26:11 [ERROR] PatifeUpdater: Error rotina da ALSO: type object 'Elektro' has no attribute 'Authenticate'
2025-06-09 23:26:48 [INFO] PatifeUpdater: Corrigir Stock Elektro3
2025-06-09 23:27:30 [INFO] PatifeUpdater: Corrigir Stock Elektro3
2025-06-09 23:32:25 [INFO] PatifeUpdater: Corrigir Stock Elektro3
2025-06-09 23:33:42 [INFO] PatifeUpdater: Corrigir Stock Elektro3
2025-06-09 23:34:24 [INFO] PatifeUpdater: Corrigir Stock Elektro3
2025-06-09 23:35:43 [INFO] PatifeUpdater: Corrigir Stock Elektro3
2025-06-09 23:36:41 [INFO] PatifeUpdater: Corrigir Stock Elektro3
2025-06-09 23:37:24 [INFO] PatifeUpdater: Corrigir Stock Elektro3
2025-06-09 23:44:13 [INFO] PatifeUpdater: Corrigir Stock Elektro3
2025-06-09 23:46:12 [INFO] PatifeUpdater: Corrigir Stock Elektro3
2025-06-09 23:49:39 [INFO] PatifeUpdater: Corrigir Stock Elektro3
2025-06-09 23:51:14 [INFO] PatifeUpdater: Corrigir Stock Elektro3
2025-06-09 23:51:48 [INFO] PatifeUpdater: Corrigir Stock Elektro3
2025-06-09 23:52:25 [INFO] PatifeUpdater: Corrigir Stock Elektro3
2025-06-09 23:56:56 [INFO] PatifeUpdater: Corrigir Stock Elektro3
2025-06-10 00:56:00 [INFO] PatifeUpdater: Corrigir stock Ribamundo
2025-06-10 01:12:29 [INFO] PatifeUpdater: Corrigir stock Prome
2025-06-10 01:33:24 [INFO] PatifeUpdater: Corrigir stock Prome
2025-06-10 01:35:23 [INFO] PatifeUpdater: Corrigir stock Prome
2025-06-10 01:44:41 [INFO] PatifeUpdater: Corrigir stock Prome
2025-06-10 01:47:08 [INFO] PatifeUpdater: Corrigir stock Prome
2025-06-10 01:58:25 [INFO] PatifeUpdater: Prome atualizada com sucesso
2025-06-10 13:57:48 [INFO] PatifeUpdater: Corrigir stock Also
2025-06-10 13:58:23 [INFO] PatifeUpdater: Corrigir stock Depau
2025-06-10 13:59:13 [INFO] PatifeUpdater: Corrigir stock Depau
2025-06-10 13:59:16 [ERROR] PatifeUpdater: Error rotina da Depau: name 'false' is not defined
2025-06-10 13:59:16 [INFO] PatifeUpdater: Corrigir stock DMI
2025-06-10 13:59:41 [INFO] PatifeUpdater: Corrigir stock Depau
2025-06-10 14:01:47 [INFO] PatifeUpdater: Corrigir stock Depau
2025-06-10 14:10:46 [INFO] PatifeUpdater: Corrigir stock Depau
2025-06-10 14:12:04 [INFO] PatifeUpdater: Corrigir stock Depau
2025-06-10 14:12:58 [ERROR] PatifeUpdater: Error rotina da Depau: argument of type 'int' is not iterable
2025-06-10 14:12:58 [INFO] PatifeUpdater: Corrigir stock DMI
2025-06-10 14:13:39 [INFO] PatifeUpdater: Corrigir stock Depau
2025-06-10 14:17:39 [INFO] PatifeUpdater: Depau atualizada com sucesso
2025-06-10 14:17:39 [INFO] PatifeUpdater: Corrigir stock DMI
2025-06-10 14:20:02 [INFO] PatifeUpdater: DMI atualizada com sucesso
2025-06-10 14:20:02 [INFO] PatifeUpdater: Corrigir Stock Elektro3
2025-06-10 14:26:56 [INFO] PatifeUpdater: Corrigir stock Depau
2025-06-10 14:30:13 [INFO] PatifeUpdater: Depau atualizada com sucesso
2025-06-10 14:30:13 [INFO] PatifeUpdater: Corrigir stock DMI
